<?xml version="1.0" encoding="UTF-8"?>
<!-- Generated by org.testng.reporters.JUnitReportReporter -->
<testsuite hostname="Ktex03" failures="0" tests="2" name="tests.PutPatchDeleteExamples" time="2.287" errors="0" timestamp="2022-06-05T17:32:51 EDT" skipped="0">
  <testcase classname="tests.PutPatchDeleteExamples" name="testDelete" time="1.820"/>
  <system-out/>
  <testcase classname="tests.PutPatchDeleteExamples" name="testPut" time="0.467"/>
  <system-out/>
</testsuite> <!-- tests.PutPatchDeleteExamples -->
