<?xml version="1.0" encoding="UTF-8"?>
<!-- Generated by org.testng.reporters.JUnitReportReporter -->
<testsuite hostname="Ktex03" failures="0" tests="1" name="tests.GetandPostRequest" time="1.521" errors="0" timestamp="2022-06-07T12:43:23 EDT" skipped="0">
  <testcase classname="tests.GetandPostRequest" name="testPost" time="1.521"/>
  <system-out/>
</testsuite> <!-- tests.GetandPostRequest -->
