<?xml version="1.0" encoding="UTF-8"?>
<!-- Generated by org.testng.reporters.JUnitReportReporter -->
<testsuite hostname="Ktex03" failures="0" tests="2" name="tests.TestsExample" time="1.678" errors="0" timestamp="2022-06-05T16:12:41 EDT" skipped="0">
  <testcase classname="tests.TestsExample" name="test_1" time="1.124"/>
  <system-out/>
  <testcase classname="tests.TestsExample" name="test_2" time="0.554"/>
  <system-out/>
</testsuite> <!-- tests.TestsExample -->
