<?xml version="1.0" encoding="UTF-8"?>
<!-- Generated by org.testng.reporters.JUnitReportReporter -->
<testsuite hostname="Ktex03" failures="0" tests="1" name="tests.JSONShemaValidator" time="1.364" errors="0" timestamp="2022-06-05T20:20:41 EDT" skipped="0">
  <testcase classname="tests.JSONShemaValidator" name="testGet" time="1.364"/>
  <system-out/>
</testsuite> <!-- tests.JSONShemaValidator -->
